
> Configure project :app
WARNING: The property android.dependency.excludeLibraryComponentsFromConstraints improves project import performance for very large projects. It should be enabled to improve performance.
To suppress this warning, add android.generateSyncIssueWhenLibraryConstraintsAreEnabled=false to gradle.properties
WARNING: The property android.dependency.excludeLibraryComponentsFromConstraints improves project import performance for very large projects. It should be enabled to improve performance.
To suppress this warning, add android.generateSyncIssueWhenLibraryConstraintsAreEnabled=false to gradle.properties
WARNING: The property android.dependency.excludeLibraryComponentsFromConstraints improves project import performance for very large projects. It should be enabled to improve performance.
To suppress this warning, add android.generateSyncIssueWhenLibraryConstraintsAreEnabled=false to gradle.properties
WARNING: The property android.dependency.excludeLibraryComponentsFromConstraints improves project import performance for very large projects. It should be enabled to improve performance.
To suppress this warning, add android.generateSyncIssueWhenLibraryConstraintsAreEnabled=false to gradle.properties

FAILURE: Build failed with an exception.

* What went wrong:
A problem occurred configuring project ':app'.
> com.android.builder.errors.EvalIssueException: Using kotlin.sourceSets DSL to add Kotlin sources is not allowed with built-in Kotlin.
  Kotlin source set 'debug' contains: [C:\Users\flexycode\Desktop\AppDev-Final-Project\app\build\generated\ksp\debug\kotlin, C:\Users\flexycode\Desktop\AppDev-Final-Project\app\build\generated\ksp\debug\java]
  Solution: Use android.sourceSets DSL instead.
  For more information, see https://developer.android.com/r/tools/built-in-kotlin
  To suppress this error, set android.disallowKotlinSourceSets=false in gradle.properties.

* Try:
> Run with --stacktrace option to get the stack trace.
> Run with --info or --debug option to get more log output.
> Run with --scan to generate a Build Scan (Powered by Develocity).
> Get more help at https://help.gradle.org.

BUILD FAILED in 1s
